<?xml version="1.0" encoding="UTF-8"?>
<!-- Generated by org.testng.reporters.JUnitReportReporter -->
<testsuite hostname="DESKTOP-CL6B6RR" failures="0" tests="1" name="demo.appLaunch" time="12.060" errors="1" timestamp="2025-02-21T14:41:06 IST" skipped="0">
  <testcase classname="demo.appLaunch" name="test" time="12.060">
    <error message="An element could not be located on the page using the given search parameters.
For documentation on this error, please visit: https://www.selenium.dev/documentation/webdriver/troubleshooting/errors#no-such-element-exception
Build info: version: &#039;4.29.0&#039;, revision: &#039;5fc1ec94cb&#039;
System info: os.name: &#039;Windows 11&#039;, os.arch: &#039;amd64&#039;, os.version: &#039;10.0&#039;, java.version: &#039;21.0.4&#039;
Driver info: io.appium.java_client.android.AndroidDriver
Command: [d357cdce-7bc1-4960-a57a-f51ace868a12, findElement {using=xpath, value=//android.widget.Button[@text=&#039;Login &#039;]}]
Capabilities {appium:appActivity: com.vizzainsurance.vizzains..., appium:appPackage: com.vizzainsurance.vizzains..., appium:autoGrantPermissions: true, appium:automationName: UiAutomator2, appium:chromedriverExecutable: C:\Users\Tec Data\AppData\R..., appium:databaseEnabled: false, appium:desired: {appActivity: com.vizzainsurance.vizzains..., appPackage: com.vizzainsurance.vizzains..., autoGrantPermissions: true, automationName: UiAutomator2, chromedriverExecutable: C:\Users\Tec Data\AppData\R..., deviceName: Infinix NOTE 30 5G, enforceXPath1: true, noReset: true, platformName: ANDROID, platformVersion: 14, udid: 11215313CC121874}, appium:deviceApiLevel: 34, appium:deviceManufacturer: INFINIX, appium:deviceModel: Infinix X6711, appium:deviceName: 11215313CC121874, appium:deviceScreenDensity: 480, appium:deviceScreenSize: 1080x2460, appium:deviceUDID: 11215313CC121874, appium:enforceXPath1: true, appium:javascriptEnabled: true, appium:locationContextEnabled: false, appium:networkConnectionEnabled: true, appium:noReset: true, appium:pixelRatio: 3, appium:platformVersion: 14, appium:statBarHeight: 108, appium:takesScreenshot: true, appium:udid: 11215313CC121874, appium:viewportRect: {height: 2352, left: 0, top: 108, width: 1080}, appium:warnings: {}, appium:webStorageEnabled: false, platformName: ANDROID}
Session ID: d357cdce-7bc1-4960-a57a-f51ace868a12" type="org.openqa.selenium.NoSuchElementException">
      <![CDATA[org.openqa.selenium.NoSuchElementException: An element could not be located on the page using the given search parameters.
For documentation on this error, please visit: https://www.selenium.dev/documentation/webdriver/troubleshooting/errors#no-such-element-exception
Build info: version: '4.29.0', revision: '5fc1ec94cb'
System info: os.name: 'Windows 11', os.arch: 'amd64', os.version: '10.0', java.version: '21.0.4'
Driver info: io.appium.java_client.android.AndroidDriver
Command: [d357cdce-7bc1-4960-a57a-f51ace868a12, findElement {using=xpath, value=//android.widget.Button[@text='Login ']}]
Capabilities {appium:appActivity: com.vizzainsurance.vizzains..., appium:appPackage: com.vizzainsurance.vizzains..., appium:autoGrantPermissions: true, appium:automationName: UiAutomator2, appium:chromedriverExecutable: C:\Users\Tec Data\AppData\R..., appium:databaseEnabled: false, appium:desired: {appActivity: com.vizzainsurance.vizzains..., appPackage: com.vizzainsurance.vizzains..., autoGrantPermissions: true, automationName: UiAutomator2, chromedriverExecutable: C:\Users\Tec Data\AppData\R..., deviceName: Infinix NOTE 30 5G, enforceXPath1: true, noReset: true, platformName: ANDROID, platformVersion: 14, udid: 11215313CC121874}, appium:deviceApiLevel: 34, appium:deviceManufacturer: INFINIX, appium:deviceModel: Infinix X6711, appium:deviceName: 11215313CC121874, appium:deviceScreenDensity: 480, appium:deviceScreenSize: 1080x2460, appium:deviceUDID: 11215313CC121874, appium:enforceXPath1: true, appium:javascriptEnabled: true, appium:locationContextEnabled: false, appium:networkConnectionEnabled: true, appium:noReset: true, appium:pixelRatio: 3, appium:platformVersion: 14, appium:statBarHeight: 108, appium:takesScreenshot: true, appium:udid: 11215313CC121874, appium:viewportRect: {height: 2352, left: 0, top: 108, width: 1080}, appium:warnings: {}, appium:webStorageEnabled: false, platformName: ANDROID}
Session ID: d357cdce-7bc1-4960-a57a-f51ace868a12
at java.base/jdk.internal.reflect.DirectConstructorHandleAccessor.newInstance(DirectConstructorHandleAccessor.java:62)
at java.base/java.lang.reflect.Constructor.newInstanceWithCaller(Constructor.java:502)
at java.base/java.lang.reflect.Constructor.newInstance(Constructor.java:486)
at org.openqa.selenium.remote.ErrorCodec.decode(ErrorCodec.java:167)
at org.openqa.selenium.remote.codec.w3c.W3CHttpResponseCodec.decode(W3CHttpResponseCodec.java:138)
at org.openqa.selenium.remote.codec.w3c.W3CHttpResponseCodec.decode(W3CHttpResponseCodec.java:50)
at org.openqa.selenium.remote.HttpCommandExecutor.execute(HttpCommandExecutor.java:215)
at io.appium.java_client.remote.AppiumCommandExecutor.execute(AppiumCommandExecutor.java:243)
at org.openqa.selenium.remote.RemoteWebDriver.execute(RemoteWebDriver.java:545)
at org.openqa.selenium.remote.ElementLocation$ElementFinder$2.findElement(ElementLocation.java:165)
at org.openqa.selenium.remote.ElementLocation.findElement(ElementLocation.java:59)
at org.openqa.selenium.remote.RemoteWebDriver.findElement(RemoteWebDriver.java:368)
at org.openqa.selenium.remote.RemoteWebDriver.findElement(RemoteWebDriver.java:362)
at demo.appLaunch.test(appLaunch.java:71)
at java.base/jdk.internal.reflect.DirectMethodHandleAccessor.invoke(DirectMethodHandleAccessor.java:103)
at java.base/java.lang.reflect.Method.invoke(Method.java:580)
at org.testng.internal.MethodInvocationHelper.invokeMethod(MethodInvocationHelper.java:133)
at org.testng.internal.TestInvoker.invokeMethod(TestInvoker.java:598)
at org.testng.internal.TestInvoker.invokeTestMethod(TestInvoker.java:173)
at org.testng.internal.MethodRunner.runInSequence(MethodRunner.java:46)
at org.testng.internal.TestInvoker$MethodInvocationAgent.invoke(TestInvoker.java:824)
at org.testng.internal.TestInvoker.invokeTestMethods(TestInvoker.java:146)
at org.testng.internal.TestMethodWorker.invokeTestMethods(TestMethodWorker.java:146)
at org.testng.internal.TestMethodWorker.run(TestMethodWorker.java:128)
at java.base/java.util.ArrayList.forEach(ArrayList.java:1596)
at org.testng.TestRunner.privateRun(TestRunner.java:794)
at org.testng.TestRunner.run(TestRunner.java:596)
at org.testng.SuiteRunner.runTest(SuiteRunner.java:377)
at org.testng.SuiteRunner.runSequentially(SuiteRunner.java:371)
at org.testng.SuiteRunner.privateRun(SuiteRunner.java:332)
at org.testng.SuiteRunner.run(SuiteRunner.java:276)
at org.testng.SuiteRunnerWorker.runSuite(SuiteRunnerWorker.java:53)
at org.testng.SuiteRunnerWorker.run(SuiteRunnerWorker.java:96)
at org.testng.TestNG.runSuitesSequentially(TestNG.java:1212)
at org.testng.TestNG.runSuitesLocally(TestNG.java:1134)
at org.testng.TestNG.runSuites(TestNG.java:1063)
at org.testng.TestNG.run(TestNG.java:1031)
at org.testng.remote.AbstractRemoteTestNG.run(AbstractRemoteTestNG.java:115)
at org.testng.remote.RemoteTestNG.initAndRun(RemoteTestNG.java:293)
at org.testng.remote.RemoteTestNG.main(RemoteTestNG.java:91)
]]>
    </error>
  </testcase> <!-- test -->
  <system-out/>
</testsuite> <!-- demo.appLaunch -->
